ffmpeg version 4.2.4 Copyright (c) 2000-2020 the FFmpeg developers
  built with gcc 10 (GCC)
  configuration: --prefix=/usr --bindir=/usr/bin --datadir=/usr/share/ffmpeg --docdir=/usr/share/doc/ffmpeg --incdir=/usr/include/ffmpeg --libdir=/usr/lib64 --mandir=/usr/share/man --arch=x86_64 --optflags='-O2 -g -pipe -Wall -Werror=format-security -Wp,-D_FORTIFY_SOURCE=2 -Wp,-D_GLIBCXX_ASSERTIONS -fexceptions -fstack-protector-strong -grecord-gcc-switches -specs=/usr/lib/rpm/redhat/redhat-hardened-cc1 -specs=/usr/lib/rpm/redhat/redhat-annobin-cc1 -m64 -mtune=generic -fasynchronous-unwind-tables -fstack-clash-protection -fcf-protection' --extra-ldflags='-Wl,-z,relro -Wl,--as-needed -Wl,-z,now -specs=/usr/lib/rpm/redhat/redhat-hardened-ld ' --extra-cflags=' ' --enable-libopencore-amrnb --enable-libopencore-amrwb --enable-libvo-amrwbenc --enable-version3 --enable-bzlib --disable-crystalhd --enable-fontconfig --enable-frei0r --enable-gcrypt --enable-gnutls --enable-ladspa --enable-libaom --enable-libdav1d --enable-libass --enable-libbluray --enable-libcdio --enable-libdrm --enable-libjack --enable-libfreetype --enable-libfribidi --enable-libgsm --enable-libmp3lame --enable-nvenc --enable-openal --enable-opencl --enable-opengl --enable-libopenjpeg --enable-libopus --enable-libpulse --enable-librsvg --enable-libsrt --enable-libsoxr --enable-libspeex --enable-libssh --enable-libtheora --enable-libvorbis --enable-libv4l2 --enable-libvidstab --enable-libvmaf --enable-version3 --enable-libvpx --enable-libx264 --enable-libx265 --enable-libxvid --enable-libzimg --enable-libzvbi --enable-avfilter --enable-avresample --enable-libmodplug --enable-postproc --enable-pthreads --disable-static --enable-shared --enable-gpl --disable-debug --disable-stripping --shlibdir=/usr/lib64 --enable-libmfx --enable-runtime-cpudetect
  libavutil      56. 31.100 / 56. 31.100
  libavcodec     58. 54.100 / 58. 54.100
  libavformat    58. 29.100 / 58. 29.100
  libavdevice    58.  8.100 / 58.  8.100
  libavfilter     7. 57.100 /  7. 57.100
  libavresample   4.  0.  0 /  4.  0.  0
  libswscale      5.  5.100 /  5.  5.100
  libswresample   3.  5.100 /  3.  5.100
  libpostproc    55.  5.100 / 55.  5.100
Splitting the commandline.
Reading option '-v' ... matched as option 'v' (set logging level) with argument 'debug'.
Reading option '-nostdin' ... matched as option 'stdin' (enable or disable interaction on standard input) with argument 0.
Reading option '-progress' ... matched as option 'progress' (write program-readable progress information) with argument '/tmp/KritaFFmpegProgress.VOWCiC'.
Reading option '-r' ... matched as option 'r' (set frame rate (Hz value, fraction or abbreviation)) with argument '25'.
Reading option '-start_number' ... matched as AVOption 'start_number' with argument '0'.
Reading option '-i' ... matched as input url with argument '/home/mbergeron/aquiletour2021/logo/frame%04d.png'.
Reading option '-vf' ... matched as option 'vf' (set video filters) with argument 'palettegen'.
Reading option '-y' ... matched as option 'y' (overwrite output files) with argument '1'.
Reading option '/home/mbergeron/aquiletour2021/logo/palette.png' ... matched as output url.
Finished splitting the commandline.
Parsing a group of options: global .
Applying option v (set logging level) with argument debug.
Applying option nostdin (enable or disable interaction on standard input) with argument 0.
Applying option progress (write program-readable progress information) with argument /tmp/KritaFFmpegProgress.VOWCiC.
[file @ 0x55b056ac0bc0] Setting default whitelist 'file,crypto'
Applying option y (overwrite output files) with argument 1.
Successfully parsed a group of options.
Parsing a group of options: input url /home/mbergeron/aquiletour2021/logo/frame%04d.png.
Applying option r (set frame rate (Hz value, fraction or abbreviation)) with argument 25.
Successfully parsed a group of options.
Opening an input file: /home/mbergeron/aquiletour2021/logo/frame%04d.png.
[image2 @ 0x55b056ace400] Opening '/home/mbergeron/aquiletour2021/logo/frame0000.png' for reading
[file @ 0x55b056ac06c0] Setting default whitelist 'file,crypto'
[AVIOContext @ 0x55b056aca880] Statistics: 2181 bytes read, 0 seeks
[image2 @ 0x55b056ace400] Opening '/home/mbergeron/aquiletour2021/logo/frame0001.png' for reading
[file @ 0x55b056ac0640] Setting default whitelist 'file,crypto'
[AVIOContext @ 0x55b056ac98c0] Statistics: 2181 bytes read, 0 seeks
[image2 @ 0x55b056ace400] Opening '/home/mbergeron/aquiletour2021/logo/frame0002.png' for reading
[file @ 0x55b056ac9c80] Setting default whitelist 'file,crypto'
[AVIOContext @ 0x55b056ac9d40] Statistics: 2248 bytes read, 0 seeks
[image2 @ 0x55b056ace400] Opening '/home/mbergeron/aquiletour2021/logo/frame0003.png' for reading
[file @ 0x55b056ac0680] Setting default whitelist 'file,crypto'
[AVIOContext @ 0x55b056ac2240] Statistics: 2248 bytes read, 0 seeks
[image2 @ 0x55b056ace400] Opening '/home/mbergeron/aquiletour2021/logo/frame0004.png' for reading
[file @ 0x55b056ac26c0] Setting default whitelist 'file,crypto'
[AVIOContext @ 0x55b056ac2240] Statistics: 2286 bytes read, 0 seeks
[image2 @ 0x55b056ace400] Opening '/home/mbergeron/aquiletour2021/logo/frame0005.png' for reading
[file @ 0x55b056ac2240] Setting default whitelist 'file,crypto'
[AVIOContext @ 0x55b056ac2740] Statistics: 2286 bytes read, 0 seeks
[image2 @ 0x55b056ace400] Opening '/home/mbergeron/aquiletour2021/logo/frame0006.png' for reading
[file @ 0x55b056b50100] Setting default whitelist 'file,crypto'
[AVIOContext @ 0x55b056b50380] Statistics: 2285 bytes read, 0 seeks
[image2 @ 0x55b056ace400] Opening '/home/mbergeron/aquiletour2021/logo/frame0007.png' for reading
[file @ 0x55b056b50100] Setting default whitelist 'file,crypto'
[AVIOContext @ 0x55b056b501c0] Statistics: 2285 bytes read, 0 seeks
[image2 @ 0x55b056ace400] Opening '/home/mbergeron/aquiletour2021/logo/frame0008.png' for reading
[file @ 0x55b056b50340] Setting default whitelist 'file,crypto'
[AVIOContext @ 0x55b056b59c00] Statistics: 2503 bytes read, 0 seeks
[image2 @ 0x55b056ace400] Opening '/home/mbergeron/aquiletour2021/logo/frame0009.png' for reading
[file @ 0x55b056b59c00] Setting default whitelist 'file,crypto'
[AVIOContext @ 0x55b056b50400] Statistics: 2503 bytes read, 0 seeks
[image2 @ 0x55b056ace400] Opening '/home/mbergeron/aquiletour2021/logo/frame0010.png' for reading
[file @ 0x55b056b5b6c0] Setting default whitelist 'file,crypto'
[AVIOContext @ 0x55b056b5b780] Statistics: 2643 bytes read, 0 seeks
[image2 @ 0x55b056ace400] Opening '/home/mbergeron/aquiletour2021/logo/frame0011.png' for reading
[file @ 0x55b056b5c5c0] Setting default whitelist 'file,crypto'
[AVIOContext @ 0x55b056b5c680] Statistics: 2643 bytes read, 0 seeks
[image2 @ 0x55b056ace400] Opening '/home/mbergeron/aquiletour2021/logo/frame0012.png' for reading
[file @ 0x55b056b5d2c0] Setting default whitelist 'file,crypto'
[AVIOContext @ 0x55b056b5d380] Statistics: 3007 bytes read, 0 seeks
[image2 @ 0x55b056ace400] Opening '/home/mbergeron/aquiletour2021/logo/frame0013.png' for reading
[file @ 0x55b056b5c5c0] Setting default whitelist 'file,crypto'
[AVIOContext @ 0x55b056b5e100] Statistics: 3007 bytes read, 0 seeks
[image2 @ 0x55b056ace400] Opening '/home/mbergeron/aquiletour2021/logo/frame0014.png' for reading
[file @ 0x55b056b5e100] Setting default whitelist 'file,crypto'
[AVIOContext @ 0x55b056b5ef40] Statistics: 3109 bytes read, 0 seeks
[image2 @ 0x55b056ace400] Opening '/home/mbergeron/aquiletour2021/logo/frame0015.png' for reading
[file @ 0x55b056b5ef40] Setting default whitelist 'file,crypto'
[AVIOContext @ 0x55b056b5fcc0] Statistics: 3109 bytes read, 0 seeks
[image2 @ 0x55b056ace400] Opening '/home/mbergeron/aquiletour2021/logo/frame0016.png' for reading
[file @ 0x55b056b60a40] Setting default whitelist 'file,crypto'
[AVIOContext @ 0x55b056b60b00] Statistics: 3138 bytes read, 0 seeks
[image2 @ 0x55b056ace400] Opening '/home/mbergeron/aquiletour2021/logo/frame0017.png' for reading
[file @ 0x55b056b60a40] Setting default whitelist 'file,crypto'
[AVIOContext @ 0x55b056b60b00] Statistics: 3138 bytes read, 0 seeks
[image2 @ 0x55b056ace400] Opening '/home/mbergeron/aquiletour2021/logo/frame0018.png' for reading
[file @ 0x55b056b60a40] Setting default whitelist 'file,crypto'
[AVIOContext @ 0x55b056b60b00] Statistics: 3138 bytes read, 0 seeks
[image2 @ 0x55b056ace400] Opening '/home/mbergeron/aquiletour2021/logo/frame0019.png' for reading
[file @ 0x55b056b60a40] Setting default whitelist 'file,crypto'
[AVIOContext @ 0x55b056b60b00] Statistics: 3138 bytes read, 0 seeks
[image2 @ 0x55b056ace400] Opening '/home/mbergeron/aquiletour2021/logo/frame0020.png' for reading
[file @ 0x55b056b60a40] Setting default whitelist 'file,crypto'
[AVIOContext @ 0x55b056b63d00] Statistics: 3138 bytes read, 0 seeks
[image2 @ 0x55b056ace400] Opening '/home/mbergeron/aquiletour2021/logo/frame0021.png' for reading
[file @ 0x55b056b60a40] Setting default whitelist 'file,crypto'
[AVIOContext @ 0x55b056b64bc0] Statistics: 3138 bytes read, 0 seeks
[image2 @ 0x55b056ace400] Opening '/home/mbergeron/aquiletour2021/logo/frame0022.png' for reading
[file @ 0x55b056b64bc0] Setting default whitelist 'file,crypto'
[AVIOContext @ 0x55b056b659c0] Statistics: 3138 bytes read, 0 seeks
[image2 @ 0x55b056ace400] Opening '/home/mbergeron/aquiletour2021/logo/frame0023.png' for reading
[file @ 0x55b056b659c0] Setting default whitelist 'file,crypto'
[AVIOContext @ 0x55b056b66840] Statistics: 3138 bytes read, 0 seeks
[image2 @ 0x55b056ace400] Opening '/home/mbergeron/aquiletour2021/logo/frame0024.png' for reading
[file @ 0x55b056b67600] Setting default whitelist 'file,crypto'
[AVIOContext @ 0x55b056b676c0] Statistics: 3138 bytes read, 0 seeks
[image2 @ 0x55b056ace400] Opening '/home/mbergeron/aquiletour2021/logo/frame0025.png' for reading
[file @ 0x55b056b67600] Setting default whitelist 'file,crypto'
[AVIOContext @ 0x55b056b68480] Statistics: 3138 bytes read, 0 seeks
Input #0, image2, from '/home/mbergeron/aquiletour2021/logo/frame%04d.png':
  Duration: 00:00:01.04, start: 0.000000, bitrate: N/A
    Stream #0:0, 26, 1/25: Video: png, 1 reference frame, rgba(pc), 103x49 [SAR 3937:3937 DAR 103:49], 0/1, 25 fps, 25 tbr, 25 tbn, 25 tbc
Successfully opened the file.
Parsing a group of options: output url /home/mbergeron/aquiletour2021/logo/palette.png.
Applying option vf (set video filters) with argument palettegen.
Successfully parsed a group of options.
Opening an output file: /home/mbergeron/aquiletour2021/logo/palette.png.
Successfully opened the file.
detected 4 logical cores
Stream mapping:
  Stream #0:0 -> #0:0 (png (native) -> png (native))
cur_dts is invalid st:0 (0) [init:0 i_done:0 finish:0] (this is harmless if it occurs once at the start per stream)
    Last message repeated 4 times
[graph 0 input from stream 0:0 @ 0x55b056accb80] Setting 'video_size' to value '103x49'
[graph 0 input from stream 0:0 @ 0x55b056accb80] Setting 'pix_fmt' to value '26'
[graph 0 input from stream 0:0 @ 0x55b056accb80] Setting 'time_base' to value '1/25'
[graph 0 input from stream 0:0 @ 0x55b056accb80] Setting 'pixel_aspect' to value '3937/3937'
[graph 0 input from stream 0:0 @ 0x55b056accb80] Setting 'sws_param' to value 'flags=2'
[graph 0 input from stream 0:0 @ 0x55b056accb80] Setting 'frame_rate' to value '25/1'
[graph 0 input from stream 0:0 @ 0x55b056accb80] w:103 h:49 pixfmt:rgba tb:1/25 fr:25/1 sar:3937/3937 sws_param:flags=2
[format @ 0x55b056bf3ac0] Setting 'pix_fmts' to value 'rgb24|rgba|rgb48be|rgba64be|pal8|gray|ya8|gray16be|ya16be|monob'
[auto_scaler_0 @ 0x55b056bf5fc0] Setting 'flags' to value 'bicubic'
[auto_scaler_0 @ 0x55b056bf5fc0] w:iw h:ih flags:'bicubic' interl:0
[Parsed_palettegen_0 @ 0x55b056b716c0] auto-inserting filter 'auto_scaler_0' between the filter 'graph 0 input from stream 0:0' and the filter 'Parsed_palettegen_0'
[auto_scaler_1 @ 0x55b056bf7f80] Setting 'flags' to value 'bicubic'
[auto_scaler_1 @ 0x55b056bf7f80] w:iw h:ih flags:'bicubic' interl:0
[format @ 0x55b056bf3ac0] auto-inserting filter 'auto_scaler_1' between the filter 'Parsed_palettegen_0' and the filter 'format'
[AVFilterGraph @ 0x55b056b70840] query_formats: 4 queried, 1 merged, 2 already done, 0 delayed
[auto_scaler_1 @ 0x55b056bf7f80] picking rgba out of 10 ref:bgra alpha:1
[swscaler @ 0x55b056bf8f40] Forcing full internal H chroma due to odd output size
[swscaler @ 0x55b056bf8f40] Forcing full internal H chroma due to input having non subsampled chroma
[auto_scaler_0 @ 0x55b056bf5fc0] w:103 h:49 fmt:rgba sar:3937/3937 -> w:103 h:49 fmt:bgra sar:1/1 flags:0x4
[swscaler @ 0x55b056c0e900] Forcing full internal H chroma due to input having non subsampled chroma
[auto_scaler_1 @ 0x55b056bf7f80] w:16 h:16 fmt:bgra sar:1/1 -> w:16 h:16 fmt:rgba sar:1/1 flags:0x4
Output #0, image2, to '/home/mbergeron/aquiletour2021/logo/palette.png':
  Metadata:
    encoder         : Lavf58.29.100
    Stream #0:0, 0, 1/25: Video: png, 1 reference frame, rgba, 16x16 [SAR 1:1 DAR 1:1], 0/1, q=2-31, 200 kb/s, 25 fps, 25 tbn, 25 tbc
    Metadata:
      encoder         : Lavc58.54.100 png
cur_dts is invalid st:0 (0) [init:1 i_done:0 finish:0] (this is harmless if it occurs once at the start per stream)
    Last message repeated 25 times
[Parsed_palettegen_0 @ 0x55b056b716c0] 255(+1) colors generated out of 264 colors; ratio=0.965909
cur_dts is invalid st:0 (0) [init:1 i_done:0 finish:0] (this is harmless if it occurs once at the start per stream)
Clipping frame in rate conversion by 0.000008
cur_dts is invalid st:0 (0) [init:1 i_done:0 finish:0] (this is harmless if it occurs once at the start per stream)
[out_0_0 @ 0x55b056bf3ec0] EOF on sink link out_0_0:default.
No more output streams to write to, finishing.
[image2 @ 0x55b056b69740] Opening '/home/mbergeron/aquiletour2021/logo/palette.png' for writing
[file @ 0x55b056b55000] Setting default whitelist 'file,crypto'
[AVIOContext @ 0x55b056b5ab80] Statistics: 0 seeks, 1 writeouts
frame=    1 fps=0.0 q=-0.0 Lsize=N/A time=00:00:00.04 bitrate=N/A speed=2.03x    
[AVIOContext @ 0x55b056acb880] Statistics: 0 seeks, 1 writeouts
video:1kB audio:0kB subtitle:0kB other streams:0kB global headers:0kB muxing overhead: unknown
Input file #0 (/home/mbergeron/aquiletour2021/logo/frame%04d.png):
  Input stream #0:0 (video): 26 packets read (71904 bytes); 26 frames decoded; 
  Total: 26 packets (71904 bytes) demuxed
Output file #0 (/home/mbergeron/aquiletour2021/logo/palette.png):
  Output stream #0:0 (video): 1 frames encoded; 1 packets muxed (764 bytes); 
  Total: 1 packets (764 bytes) muxed
26 frames successfully decoded, 0 decoding errors
